e:\vulkansamples\build\loader\loader-norm.dir\debug\loader-norm.pdb
e:\vulkansamples\build\loader\loader-norm.dir\debug\dirent_on_windows.obj
e:\vulkansamples\build\loader\loader-norm.dir\debug\murmurhash.obj
e:\vulkansamples\build\loader\loader-norm.dir\debug\cjson.obj
e:\vulkansamples\build\loader\loader-norm.dir\debug\debug_report.obj
e:\vulkansamples\build\loader\loader-norm.dir\debug\extensions.obj
e:\vulkansamples\build\loader\loader-norm.dir\debug\wsi.obj
e:\vulkansamples\build\loader\loader-norm.dir\debug\trampoline.obj
e:\vulkansamples\build\loader\loader-norm.dir\debug\loader.obj
e:\vulkansamples\build\loader\cmakefiles\generate.stamp
e:\vulkansamples\build\loader\loader-norm.dir\debug\loader-norm.lib
e:\vulkansamples\build\loader\loader-norm.dir\debug\loader-norm.tlog\cl.command.1.tlog
e:\vulkansamples\build\loader\loader-norm.dir\debug\loader-norm.tlog\cl.read.1.tlog
e:\vulkansamples\build\loader\loader-norm.dir\debug\loader-norm.tlog\cl.write.1.tlog
e:\vulkansamples\build\loader\loader-norm.dir\debug\loader-norm.tlog\custombuild.command.1.tlog
e:\vulkansamples\build\loader\loader-norm.dir\debug\loader-norm.tlog\custombuild.read.1.tlog
e:\vulkansamples\build\loader\loader-norm.dir\debug\loader-norm.tlog\custombuild.write.1.tlog
e:\vulkansamples\build\loader\loader-norm.dir\debug\loader-norm.tlog\lib-link.read.1.tlog
e:\vulkansamples\build\loader\loader-norm.dir\debug\loader-norm.tlog\lib-link.write.1.tlog
e:\vulkansamples\build\loader\loader-norm.dir\debug\loader-norm.tlog\lib.command.1.tlog
